# JRE version: OpenJDK Runtime Environment Temurin-21.0.6+7 (21.0.6+7) (build 21.0.6+7-LTS)
# Java VM: OpenJDK 64-Bit Server VM Temurin-21.0.6+7 (21.0.6+7-LTS, mixed mode, emulated-client, sharing, tiered, compressed oops, compressed class ptrs, g1 gc, windows-amd64)
GC Precious Log:
 CardTable entry size: 512
 Card Set container configuration: InlinePtr #cards 5 size 8 Array Of Cards #cards 12 size 40 Howl #buckets 4 coarsen threshold 1843 Howl Bitmap #cards 512 size 80 coarsen threshold 460 Card regions per heap region 1 cards per card region 2048
 CPUs: 12 total, 12 available
 Memory: 7521M
 Large Page Support: Disabled
 NUMA Support: Disabled
 Compressed Oops: Enabled (32-bit)
 Heap Region Size: 1M
 Heap Min Capacity: 8M
 Heap Initial Capacity: 118M
 Heap Max Capacity: 1882M
 Pre-touch: Disabled
 Parallel Workers: 10
 Concurrent Workers: 3
 Concurrent Refinement Workers: 10
 Periodic GC: Disabled
Heap:
 garbage-first heap   total 92160K, used 61710K [0x000000008a600000, 0x0000000100000000)
  region size 1024K, 36 young (36864K), 4 survivors (4096K)
 Metaspace       used 76017K, committed 76608K, reserved 1179648K
  class space    used 9701K, committed 9920K, reserved 1048576K
GC Heap History (20 events):
Event: 3456.376 GC heap before
{Heap before GC invocations=58 (full 6):
 garbage-first heap   total 79872K, used 65885K [0x000000008a600000, 0x0000000100000000)
  region size 1024K, 40 young (40960K), 4 survivors (4096K)
 Metaspace       used 72969K, committed 73536K, reserved 1114112K
  class space    used 9422K, committed 9664K, reserved 1048576K
}
Event: 3456.402 GC heap after
{Heap after GC invocations=59 (full 6):
 garbage-first heap   total 96256K, used 31428K [0x000000008a600000, 0x0000000100000000)
  region size 1024K, 3 young (3072K), 3 survivors (3072K)
 Metaspace       used 72969K, committed 73536K, reserved 1114112K
  class space    used 9422K, committed 9664K, reserved 1048576K
}
Event: 3501.830 GC heap before
{Heap before GC invocations=59 (full 6):
 garbage-first heap   total 96256K, used 57028K [0x000000008a600000, 0x0000000100000000)
  region size 1024K, 30 young (30720K), 3 survivors (3072K)
 Metaspace       used 73043K, committed 73600K, reserved 1114112K
  class space    used 9427K, committed 9664K, reserved 1048576K
}
Event: 3501.920 GC heap after
{Heap after GC invocations=60 (full 7):
 garbage-first heap   total 96256K, used 25467K [0x000000008a600000, 0x0000000100000000)
  region size 1024K, 0 young (0K), 0 survivors (0K)
 Metaspace       used 73038K, committed 73600K, reserved 1114112K
  class space    used 9427K, committed 9664K, reserved 1048576K
}
Event: 3503.484 GC heap before
{Heap before GC invocations=60 (full 7):
 garbage-first heap   total 96256K, used 79739K [0x000000008a600000, 0x0000000100000000)
  region size 1024K, 54 young (55296K), 0 survivors (0K)
 Metaspace       used 73255K, committed 73856K, reserved 1114112K
  class space    used 9458K, committed 9728K, reserved 1048576K
}
Event: 3503.489 GC heap after
{Heap after GC invocations=61 (full 7):
 garbage-first heap   total 96256K, used 29213K [0x000000008a600000, 0x0000000100000000)
  region size 1024K, 4 young (4096K), 4 survivors (4096K)
 Metaspace       used 73255K, committed 73856K, reserved 1114112K
  class space    used 9458K, committed 9728K, reserved 1048576K
}
Event: 3504.537 GC heap before
{Heap before GC invocations=62 (full 7):
 garbage-first heap   total 96256K, used 81437K [0x000000008a600000, 0x0000000100000000)
  region size 1024K, 55 young (56320K), 4 survivors (4096K)
 Metaspace       used 74642K, committed 75200K, reserved 1114112K
  class space    used 9577K, committed 9792K, reserved 1048576K
}
Event: 3504.541 GC heap after
{Heap after GC invocations=63 (full 7):
 garbage-first heap   total 96256K, used 31285K [0x000000008a600000, 0x0000000100000000)
  region size 1024K, 6 young (6144K), 6 survivors (6144K)
 Metaspace       used 74642K, committed 75200K, reserved 1114112K
  class space    used 9577K, committed 9792K, reserved 1048576K
}
Event: 3505.383 GC heap before
{Heap before GC invocations=63 (full 7):
 garbage-first heap   total 96256K, used 32309K [0x000000008a600000, 0x0000000100000000)
  region size 1024K, 8 young (8192K), 6 survivors (6144K)
 Metaspace       used 74644K, committed 75200K, reserved 1114112K
  class space    used 9578K, committed 9792K, reserved 1048576K
}
Event: 3505.416 GC heap after
{Heap after GC invocations=64 (full 8):
 garbage-first heap   total 96256K, used 25754K [0x000000008a600000, 0x0000000100000000)
  region size 1024K, 0 young (0K), 0 survivors (0K)
 Metaspace       used 74642K, committed 75200K, reserved 1114112K
  class space    used 9577K, committed 9792K, reserved 1048576K
}
Event: 3505.806 GC heap before
{Heap before GC invocations=64 (full 8):
 garbage-first heap   total 96256K, used 81050K [0x000000008a600000, 0x0000000100000000)
  region size 1024K, 55 young (56320K), 0 survivors (0K)
 Metaspace       used 74851K, committed 75456K, reserved 1179648K
  class space    used 9605K, committed 9856K, reserved 1048576K
}
Event: 3505.809 GC heap after
{Heap after GC invocations=65 (full 8):
 garbage-first heap   total 96256K, used 29570K [0x000000008a600000, 0x0000000100000000)
  region size 1024K, 4 young (4096K), 4 survivors (4096K)
 Metaspace       used 74851K, committed 75456K, reserved 1179648K
  class space    used 9605K, committed 9856K, reserved 1048576K
}
Event: 3535.961 GC heap before
{Heap before GC invocations=66 (full 8):
 garbage-first heap   total 96256K, used 77698K [0x000000008a600000, 0x0000000100000000)
  region size 1024K, 52 young (53248K), 4 survivors (4096K)
 Metaspace       used 75111K, committed 75712K, reserved 1179648K
  class space    used 9620K, committed 9856K, reserved 1048576K
}
Event: 3535.993 GC heap after
{Heap after GC invocations=67 (full 9):
 garbage-first heap   total 92160K, used 26085K [0x000000008a600000, 0x0000000100000000)
  region size 1024K, 0 young (0K), 0 survivors (0K)
 Metaspace       used 75109K, committed 75712K, reserved 1179648K
  class space    used 9619K, committed 9856K, reserved 1048576K
}
Event: 3536.374 GC heap before
{Heap before GC invocations=67 (full 9):
 garbage-first heap   total 92160K, used 79333K [0x000000008a600000, 0x0000000100000000)
  region size 1024K, 53 young (54272K), 0 survivors (0K)
 Metaspace       used 75308K, committed 75840K, reserved 1179648K
  class space    used 9645K, committed 9856K, reserved 1048576K
}
Event: 3536.377 GC heap after
{Heap after GC invocations=68 (full 9):
 garbage-first heap   total 92160K, used 29821K [0x000000008a600000, 0x0000000100000000)
  region size 1024K, 4 young (4096K), 4 survivors (4096K)
 Metaspace       used 75308K, committed 75840K, reserved 1179648K
  class space    used 9645K, committed 9856K, reserved 1048576K
}
Event: 3562.486 GC heap before
{Heap before GC invocations=69 (full 9):
 garbage-first heap   total 92160K, used 79997K [0x000000008a600000, 0x0000000100000000)
  region size 1024K, 54 young (55296K), 4 survivors (4096K)
 Metaspace       used 75564K, committed 76160K, reserved 1179648K
  class space    used 9658K, committed 9920K, reserved 1048576K
}
Event: 3562.517 GC heap after
{Heap after GC invocations=70 (full 10):
 garbage-first heap   total 92160K, used 26144K [0x000000008a600000, 0x0000000100000000)
  region size 1024K, 0 young (0K), 0 survivors (0K)
 Metaspace       used 75561K, committed 76160K, reserved 1179648K
  class space    used 9657K, committed 9920K, reserved 1048576K
}
Event: 3562.895 GC heap before
{Heap before GC invocations=70 (full 10):
 garbage-first heap   total 92160K, used 78368K [0x000000008a600000, 0x0000000100000000)
  region size 1024K, 51 young (52224K), 0 survivors (0K)
 Metaspace       used 75755K, committed 76352K, reserved 1179648K
  class space    used 9686K, committed 9920K, reserved 1048576K
}
Event: 3562.898 GC heap after
{Heap after GC invocations=71 (full 10):
 garbage-first heap   total 92160K, used 29966K [0x000000008a600000, 0x0000000100000000)
  region size 1024K, 4 young (4096K), 4 survivors (4096K)
 Metaspace       used 75755K, committed 76352K, reserved 1179648K
  class space    used 9686K, committed 9920K, reserved 1048576K
}

