# JRE version: OpenJDK Runtime Environment Temurin-21.0.6+7 (21.0.6+7) (build 21.0.6+7-LTS)
# Java VM: OpenJDK 64-Bit Server VM Temurin-21.0.6+7 (21.0.6+7-LTS, mixed mode, emulated-client, sharing, tiered, compressed oops, compressed class ptrs, g1 gc, windows-amd64)
GC Precious Log:
 CardTable entry size: 512
 Card Set container configuration: InlinePtr #cards 5 size 8 Array Of Cards #cards 12 size 40 Howl #buckets 4 coarsen threshold 1843 Howl Bitmap #cards 512 size 80 coarsen threshold 460 Card regions per heap region 1 cards per card region 2048
 CPUs: 12 total, 12 available
 Memory: 7521M
 Large Page Support: Disabled
 NUMA Support: Disabled
 Compressed Oops: Enabled (32-bit)
 Heap Region Size: 1M
 Heap Min Capacity: 8M
 Heap Initial Capacity: 118M
 Heap Max Capacity: 1882M
 Pre-touch: Disabled
 Parallel Workers: 10
 Concurrent Workers: 3
 Concurrent Refinement Workers: 10
 Periodic GC: Disabled
Heap:
 garbage-first heap   total 92160K, used 79569K [0x000000008a600000, 0x0000000100000000)
  region size 1024K, 54 young (55296K), 5 survivors (5120K)
 Metaspace       used 72666K, committed 73280K, reserved 1114112K
  class space    used 9391K, committed 9664K, reserved 1048576K
GC Heap History (20 events):
Event: 30.770 GC heap after
{Heap after GC invocations=27 (full 0):
 garbage-first heap   total 79872K, used 31506K [0x000000008a600000, 0x0000000100000000)
  region size 1024K, 3 young (3072K), 3 survivors (3072K)
 Metaspace       used 65227K, committed 65856K, reserved 1114112K
  class space    used 8552K, committed 8832K, reserved 1048576K
}
Event: 49.359 GC heap before
{Heap before GC invocations=28 (full 0):
 garbage-first heap   total 79872K, used 69394K [0x000000008a600000, 0x0000000100000000)
  region size 1024K, 41 young (41984K), 3 survivors (3072K)
 Metaspace       used 68739K, committed 69312K, reserved 1114112K
  class space    used 8932K, committed 9216K, reserved 1048576K
}
Event: 49.361 GC heap after
{Heap after GC invocations=29 (full 0):
 garbage-first heap   total 79872K, used 32307K [0x000000008a600000, 0x0000000100000000)
  region size 1024K, 3 young (3072K), 3 survivors (3072K)
 Metaspace       used 68739K, committed 69312K, reserved 1114112K
  class space    used 8932K, committed 9216K, reserved 1048576K
}
Event: 109.491 GC heap before
{Heap before GC invocations=29 (full 0):
 garbage-first heap   total 79872K, used 70195K [0x000000008a600000, 0x0000000100000000)
  region size 1024K, 41 young (41984K), 3 survivors (3072K)
 Metaspace       used 70878K, committed 71488K, reserved 1114112K
  class space    used 9197K, committed 9472K, reserved 1048576K
}
Event: 109.500 GC heap after
{Heap after GC invocations=30 (full 0):
 garbage-first heap   total 79872K, used 32289K [0x000000008a600000, 0x0000000100000000)
  region size 1024K, 4 young (4096K), 4 survivors (4096K)
 Metaspace       used 70878K, committed 71488K, reserved 1114112K
  class space    used 9197K, committed 9472K, reserved 1048576K
}
Event: 109.510 GC heap before
{Heap before GC invocations=30 (full 0):
 garbage-first heap   total 79872K, used 32289K [0x000000008a600000, 0x0000000100000000)
  region size 1024K, 5 young (5120K), 4 survivors (4096K)
 Metaspace       used 70881K, committed 71488K, reserved 1114112K
  class space    used 9198K, committed 9472K, reserved 1048576K
}
Event: 109.615 GC heap after
{Heap after GC invocations=31 (full 1):
 garbage-first heap   total 79872K, used 23177K [0x000000008a600000, 0x0000000100000000)
  region size 1024K, 0 young (0K), 0 survivors (0K)
 Metaspace       used 70535K, committed 71488K, reserved 1114112K
  class space    used 9119K, committed 9472K, reserved 1048576K
}
Event: 113.212 GC heap before
{Heap before GC invocations=31 (full 1):
 garbage-first heap   total 79872K, used 69257K [0x000000008a600000, 0x0000000100000000)
  region size 1024K, 46 young (47104K), 0 survivors (0K)
 Metaspace       used 70804K, committed 71488K, reserved 1114112K
  class space    used 9175K, committed 9472K, reserved 1048576K
}
Event: 113.219 GC heap after
{Heap after GC invocations=32 (full 1):
 garbage-first heap   total 79872K, used 26835K [0x000000008a600000, 0x0000000100000000)
  region size 1024K, 4 young (4096K), 4 survivors (4096K)
 Metaspace       used 70804K, committed 71488K, reserved 1114112K
  class space    used 9175K, committed 9472K, reserved 1048576K
}
Event: 116.191 GC heap before
{Heap before GC invocations=33 (full 1):
 garbage-first heap   total 79872K, used 67795K [0x000000008a600000, 0x0000000100000000)
  region size 1024K, 44 young (45056K), 4 survivors (4096K)
 Metaspace       used 71120K, committed 71616K, reserved 1114112K
  class space    used 9235K, committed 9472K, reserved 1048576K
}
Event: 116.195 GC heap after
{Heap after GC invocations=34 (full 1):
 garbage-first heap   total 218112K, used 27534K [0x000000008a600000, 0x0000000100000000)
  region size 1024K, 3 young (3072K), 3 survivors (3072K)
 Metaspace       used 71120K, committed 71616K, reserved 1114112K
  class space    used 9235K, committed 9472K, reserved 1048576K
}
Event: 128.411 GC heap before
{Heap before GC invocations=34 (full 1):
 garbage-first heap   total 218112K, used 91022K [0x000000008a600000, 0x0000000100000000)
  region size 1024K, 67 young (68608K), 3 survivors (3072K)
 Metaspace       used 71507K, committed 72064K, reserved 1114112K
  class space    used 9279K, committed 9536K, reserved 1048576K
}
Event: 128.475 GC heap after
{Heap after GC invocations=35 (full 2):
 garbage-first heap   total 92160K, used 25491K [0x000000008a600000, 0x0000000100000000)
  region size 1024K, 0 young (0K), 0 survivors (0K)
 Metaspace       used 71507K, committed 72064K, reserved 1114112K
  class space    used 9279K, committed 9536K, reserved 1048576K
}
Event: 129.046 GC heap before
{Heap before GC invocations=35 (full 2):
 garbage-first heap   total 92160K, used 79763K [0x000000008a600000, 0x0000000100000000)
  region size 1024K, 53 young (54272K), 0 survivors (0K)
 Metaspace       used 72060K, committed 72704K, reserved 1114112K
  class space    used 9344K, committed 9664K, reserved 1048576K
}
Event: 129.050 GC heap after
{Heap after GC invocations=36 (full 2):
 garbage-first heap   total 92160K, used 29074K [0x000000008a600000, 0x0000000100000000)
  region size 1024K, 4 young (4096K), 4 survivors (4096K)
 Metaspace       used 72060K, committed 72704K, reserved 1114112K
  class space    used 9344K, committed 9664K, reserved 1048576K
}
Event: 158.184 GC heap before
{Heap before GC invocations=37 (full 2):
 garbage-first heap   total 92160K, used 73106K [0x000000008a600000, 0x0000000100000000)
  region size 1024K, 48 young (49152K), 4 survivors (4096K)
 Metaspace       used 72237K, committed 72896K, reserved 1114112K
  class space    used 9344K, committed 9664K, reserved 1048576K
}
Event: 158.216 GC heap after
{Heap after GC invocations=38 (full 3):
 garbage-first heap   total 92160K, used 25758K [0x000000008a600000, 0x0000000100000000)
  region size 1024K, 0 young (0K), 0 survivors (0K)
 Metaspace       used 72234K, committed 72896K, reserved 1114112K
  class space    used 9344K, committed 9664K, reserved 1048576K
}
Event: 158.605 GC heap before
{Heap before GC invocations=38 (full 3):
 garbage-first heap   total 92160K, used 79006K [0x000000008a600000, 0x0000000100000000)
  region size 1024K, 52 young (53248K), 0 survivors (0K)
 Metaspace       used 72406K, committed 73024K, reserved 1114112K
  class space    used 9373K, committed 9664K, reserved 1048576K
}
Event: 158.608 GC heap after
{Heap after GC invocations=39 (full 3):
 garbage-first heap   total 92160K, used 29393K [0x000000008a600000, 0x0000000100000000)
  region size 1024K, 4 young (4096K), 4 survivors (4096K)
 Metaspace       used 72406K, committed 73024K, reserved 1114112K
  class space    used 9373K, committed 9664K, reserved 1048576K
}
Event: 656.985 GC heap before
{Heap before GC invocations=40 (full 3):
 garbage-first heap   total 92160K, used 79569K [0x000000008a600000, 0x0000000100000000)
  region size 1024K, 53 young (54272K), 4 survivors (4096K)
 Metaspace       used 72666K, committed 73280K, reserved 1114112K
  class space    used 9391K, committed 9664K, reserved 1048576K
}

